<?xml version="1.0" encoding="UTF-8"?>
<testng-results ignored="0" total="3" passed="3" failed="0" skipped="0">
  <reporter-output>
  </reporter-output>
  <suite started-at="2025-07-31T07:46:37 IST" name="Default suite" finished-at="2025-07-31T07:46:54 IST" duration-ms="17199">
    <groups>
    </groups>
    <test started-at="2025-07-31T07:46:37 IST" name="Default test" finished-at="2025-07-31T07:46:54 IST" duration-ms="17199">
      <class name="com.TestCases.LoginPageTestCases">
        <test-method is-config="true" signature="setUp()[pri:0, instance:com.TestCases.LoginPageTestCases@2dfaea86]" started-at="2025-07-31T07:46:37 IST" name="setUp" finished-at="2025-07-31T07:46:43 IST" duration-ms="5682" status="PASS">
          <reporter-output>
          </reporter-output>
        </test-method> <!-- setUp -->
        <test-method signature="doLogin()[pri:1, instance:com.TestCases.LoginPageTestCases@2dfaea86]" started-at="2025-07-31T07:46:43 IST" name="doLogin" finished-at="2025-07-31T07:46:44 IST" duration-ms="954" status="PASS">
          <reporter-output>
          </reporter-output>
        </test-method> <!-- doLogin -->
        <test-method is-config="true" signature="tearDown()[pri:0, instance:com.TestCases.LoginPageTestCases@2dfaea86]" started-at="2025-07-31T07:46:44 IST" name="tearDown" finished-at="2025-07-31T07:46:45 IST" duration-ms="785" status="PASS">
          <reporter-output>
          </reporter-output>
        </test-method> <!-- tearDown -->
        <test-method is-config="true" signature="setUp()[pri:0, instance:com.TestCases.LoginPageTestCases@2dfaea86]" started-at="2025-07-31T07:46:47 IST" name="setUp" finished-at="2025-07-31T07:46:50 IST" duration-ms="2885" status="PASS">
          <reporter-output>
          </reporter-output>
        </test-method> <!-- setUp -->
        <test-method signature="validateLogin(java.lang.String,java.lang.String)[pri:2, instance:com.TestCases.LoginPageTestCases@2dfaea86]" started-at="2025-07-31T07:46:50 IST" name="validateLogin" data-provider="TestDataAndConfigs" finished-at="2025-07-31T07:46:50 IST" duration-ms="602" status="PASS">
          <params>
            <param index="0">
              <value>
                <![CDATA[Umang]]>
              </value>
            </param>
            <param index="1">
              <value>
                <![CDATA[Umang123]]>
              </value>
            </param>
          </params>
          <reporter-output>
          </reporter-output>
        </test-method> <!-- validateLogin -->
        <test-method is-config="true" signature="tearDown()[pri:0, instance:com.TestCases.LoginPageTestCases@2dfaea86]" started-at="2025-07-31T07:46:50 IST" name="tearDown" finished-at="2025-07-31T07:46:50 IST" duration-ms="288" status="PASS">
          <reporter-output>
          </reporter-output>
        </test-method> <!-- tearDown -->
        <test-method is-config="true" signature="setUp()[pri:0, instance:com.TestCases.LoginPageTestCases@2dfaea86]" started-at="2025-07-31T07:46:51 IST" name="setUp" finished-at="2025-07-31T07:46:53 IST" duration-ms="2980" status="PASS">
          <reporter-output>
          </reporter-output>
        </test-method> <!-- setUp -->
        <test-method signature="validateLogin(java.lang.String,java.lang.String)[pri:2, instance:com.TestCases.LoginPageTestCases@2dfaea86]" started-at="2025-07-31T07:46:53 IST" name="validateLogin" data-provider="TestDataAndConfigs" finished-at="2025-07-31T07:46:54 IST" duration-ms="576" status="PASS">
          <params>
            <param index="0">
              <value>
                <![CDATA[Admin]]>
              </value>
            </param>
            <param index="1">
              <value>
                <![CDATA[Admin123]]>
              </value>
            </param>
          </params>
          <reporter-output>
          </reporter-output>
        </test-method> <!-- validateLogin -->
        <test-method is-config="true" signature="tearDown()[pri:0, instance:com.TestCases.LoginPageTestCases@2dfaea86]" started-at="2025-07-31T07:46:54 IST" name="tearDown" finished-at="2025-07-31T07:46:54 IST" duration-ms="283" status="PASS">
          <reporter-output>
          </reporter-output>
        </test-method> <!-- tearDown -->
      </class> <!-- com.TestCases.LoginPageTestCases -->
    </test> <!-- Default test -->
  </suite> <!-- Default suite -->
</testng-results>
