<?xml version="1.0" encoding="UTF-8"?>
<testng-results ignored="0" total="9" passed="9" failed="0" skipped="0">
  <reporter-output>
  </reporter-output>
  <suite started-at="2025-07-28T20:32:36 IST" name="Suite" finished-at="2025-07-28T20:33:16 IST" duration-ms="40532">
    <groups>
    </groups>
    <test started-at="2025-07-28T20:32:36 IST" name="Test" finished-at="2025-07-28T20:33:16 IST" duration-ms="40532">
      <class name="com.TestCases.InventoryPageTestCases">
        <test-method is-config="true" signature="setUp()[pri:0, instance:com.TestCases.InventoryPageTestCases@69c81773]" started-at="2025-07-28T20:32:36 IST" name="setUp" finished-at="2025-07-28T20:32:39 IST" duration-ms="3708" status="PASS">
          <reporter-output>
          </reporter-output>
        </test-method> <!-- setUp -->
        <test-method is-config="true" signature="setup()[pri:0, instance:com.TestCases.InventoryPageTestCases@69c81773]" started-at="2025-07-28T20:32:40 IST" name="setup" finished-at="2025-07-28T20:32:40 IST" duration-ms="562" status="PASS">
          <reporter-output>
          </reporter-output>
        </test-method> <!-- setup -->
        <test-method signature="validateProductLinkClickFunctionality()[pri:1, instance:com.TestCases.InventoryPageTestCases@69c81773]" started-at="2025-07-28T20:32:40 IST" name="validateProductLinkClickFunctionality" finished-at="2025-07-28T20:32:41 IST" duration-ms="332" status="PASS">
          <reporter-output>
          </reporter-output>
        </test-method> <!-- validateProductLinkClickFunctionality -->
        <test-method is-config="true" signature="tearDown()[pri:0, instance:com.TestCases.InventoryPageTestCases@69c81773]" started-at="2025-07-28T20:32:41 IST" name="tearDown" finished-at="2025-07-28T20:32:41 IST" duration-ms="361" status="PASS">
          <reporter-output>
          </reporter-output>
        </test-method> <!-- tearDown -->
        <test-method is-config="true" signature="setUp()[pri:0, instance:com.TestCases.InventoryPageTestCases@69c81773]" started-at="2025-07-28T20:32:41 IST" name="setUp" finished-at="2025-07-28T20:32:43 IST" duration-ms="2525" status="PASS">
          <reporter-output>
          </reporter-output>
        </test-method> <!-- setUp -->
        <test-method is-config="true" signature="setup()[pri:0, instance:com.TestCases.InventoryPageTestCases@69c81773]" started-at="2025-07-28T20:32:43 IST" name="setup" finished-at="2025-07-28T20:32:44 IST" duration-ms="704" status="PASS">
          <reporter-output>
          </reporter-output>
        </test-method> <!-- setup -->
        <test-method signature="addToCartFunctionality()[pri:2, instance:com.TestCases.InventoryPageTestCases@69c81773]" started-at="2025-07-28T20:32:44 IST" name="addToCartFunctionality" finished-at="2025-07-28T20:32:45 IST" duration-ms="406" status="PASS">
          <reporter-output>
          </reporter-output>
        </test-method> <!-- addToCartFunctionality -->
        <test-method is-config="true" signature="tearDown()[pri:0, instance:com.TestCases.InventoryPageTestCases@69c81773]" started-at="2025-07-28T20:32:45 IST" name="tearDown" finished-at="2025-07-28T20:32:45 IST" duration-ms="277" status="PASS">
          <reporter-output>
          </reporter-output>
        </test-method> <!-- tearDown -->
        <test-method is-config="true" signature="setUp()[pri:0, instance:com.TestCases.InventoryPageTestCases@69c81773]" started-at="2025-07-28T20:32:45 IST" name="setUp" finished-at="2025-07-28T20:32:47 IST" duration-ms="2507" status="PASS">
          <reporter-output>
          </reporter-output>
        </test-method> <!-- setUp -->
        <test-method is-config="true" signature="setup()[pri:0, instance:com.TestCases.InventoryPageTestCases@69c81773]" started-at="2025-07-28T20:32:47 IST" name="setup" finished-at="2025-07-28T20:32:48 IST" duration-ms="667" status="PASS">
          <reporter-output>
          </reporter-output>
        </test-method> <!-- setup -->
        <test-method signature="addMultipleProducstoCart()[pri:3, instance:com.TestCases.InventoryPageTestCases@69c81773]" started-at="2025-07-28T20:32:48 IST" name="addMultipleProducstoCart" finished-at="2025-07-28T20:32:49 IST" duration-ms="616" status="PASS">
          <reporter-output>
          </reporter-output>
        </test-method> <!-- addMultipleProducstoCart -->
        <test-method is-config="true" signature="tearDown()[pri:0, instance:com.TestCases.InventoryPageTestCases@69c81773]" started-at="2025-07-28T20:32:49 IST" name="tearDown" finished-at="2025-07-28T20:32:49 IST" duration-ms="302" status="PASS">
          <reporter-output>
          </reporter-output>
        </test-method> <!-- tearDown -->
      </class> <!-- com.TestCases.InventoryPageTestCases -->
      <class name="com.TestCases.LoginPageTestCases">
        <test-method is-config="true" signature="setUp()[pri:0, instance:com.TestCases.LoginPageTestCases@5efa40fe]" started-at="2025-07-28T20:32:49 IST" name="setUp" finished-at="2025-07-28T20:32:51 IST" duration-ms="2452" status="PASS">
          <reporter-output>
          </reporter-output>
        </test-method> <!-- setUp -->
        <test-method signature="doLogin()[pri:1, instance:com.TestCases.LoginPageTestCases@5efa40fe]" started-at="2025-07-28T20:32:51 IST" name="doLogin" finished-at="2025-07-28T20:32:52 IST" duration-ms="744" status="PASS">
          <reporter-output>
          </reporter-output>
        </test-method> <!-- doLogin -->
        <test-method is-config="true" signature="tearDown()[pri:0, instance:com.TestCases.LoginPageTestCases@5efa40fe]" started-at="2025-07-28T20:32:52 IST" name="tearDown" finished-at="2025-07-28T20:32:53 IST" duration-ms="322" status="PASS">
          <reporter-output>
          </reporter-output>
        </test-method> <!-- tearDown -->
        <test-method is-config="true" signature="setUp()[pri:0, instance:com.TestCases.LoginPageTestCases@5efa40fe]" started-at="2025-07-28T20:32:54 IST" name="setUp" finished-at="2025-07-28T20:32:57 IST" duration-ms="2560" status="PASS">
          <reporter-output>
          </reporter-output>
        </test-method> <!-- setUp -->
        <test-method signature="validateLogin(java.lang.String,java.lang.String)[pri:2, instance:com.TestCases.LoginPageTestCases@5efa40fe]" started-at="2025-07-28T20:32:57 IST" name="validateLogin" data-provider="TestDataAndConfigs" finished-at="2025-07-28T20:32:57 IST" duration-ms="623" status="PASS">
          <params>
            <param index="0">
              <value>
                <![CDATA[Umang]]>
              </value>
            </param>
            <param index="1">
              <value>
                <![CDATA[Umang123]]>
              </value>
            </param>
          </params>
          <reporter-output>
          </reporter-output>
        </test-method> <!-- validateLogin -->
        <test-method is-config="true" signature="tearDown()[pri:0, instance:com.TestCases.LoginPageTestCases@5efa40fe]" started-at="2025-07-28T20:32:57 IST" name="tearDown" finished-at="2025-07-28T20:32:58 IST" duration-ms="290" status="PASS">
          <reporter-output>
          </reporter-output>
        </test-method> <!-- tearDown -->
        <test-method is-config="true" signature="setUp()[pri:0, instance:com.TestCases.LoginPageTestCases@5efa40fe]" started-at="2025-07-28T20:32:58 IST" name="setUp" finished-at="2025-07-28T20:33:00 IST" duration-ms="2704" status="PASS">
          <reporter-output>
          </reporter-output>
        </test-method> <!-- setUp -->
        <test-method signature="validateLogin(java.lang.String,java.lang.String)[pri:2, instance:com.TestCases.LoginPageTestCases@5efa40fe]" started-at="2025-07-28T20:33:00 IST" name="validateLogin" data-provider="TestDataAndConfigs" finished-at="2025-07-28T20:33:01 IST" duration-ms="744" status="PASS">
          <params>
            <param index="0">
              <value>
                <![CDATA[Admin]]>
              </value>
            </param>
            <param index="1">
              <value>
                <![CDATA[Admin123]]>
              </value>
            </param>
          </params>
          <reporter-output>
          </reporter-output>
        </test-method> <!-- validateLogin -->
        <test-method is-config="true" signature="tearDown()[pri:0, instance:com.TestCases.LoginPageTestCases@5efa40fe]" started-at="2025-07-28T20:33:01 IST" name="tearDown" finished-at="2025-07-28T20:33:01 IST" duration-ms="277" status="PASS">
          <reporter-output>
          </reporter-output>
        </test-method> <!-- tearDown -->
      </class> <!-- com.TestCases.LoginPageTestCases -->
      <class name="com.TestCases.CheckoutTestCases">
        <test-method is-config="true" signature="setUp()[pri:0, instance:com.TestCases.CheckoutTestCases@1c9b0314]" started-at="2025-07-28T20:33:11 IST" name="setUp" finished-at="2025-07-28T20:33:13 IST" duration-ms="2537" status="PASS">
          <reporter-output>
          </reporter-output>
        </test-method> <!-- setUp -->
        <test-method is-config="true" signature="setup()[pri:0, instance:com.TestCases.CheckoutTestCases@1c9b0314]" started-at="2025-07-28T20:33:13 IST" name="setup" finished-at="2025-07-28T20:33:14 IST" duration-ms="1098" status="PASS">
          <reporter-output>
          </reporter-output>
        </test-method> <!-- setup -->
        <test-method signature="doCheckout()[pri:0, instance:com.TestCases.CheckoutTestCases@1c9b0314]" started-at="2025-07-28T20:33:14 IST" name="doCheckout" finished-at="2025-07-28T20:33:15 IST" duration-ms="935" status="PASS">
          <reporter-output>
          </reporter-output>
        </test-method> <!-- doCheckout -->
        <test-method is-config="true" signature="tearDown()[pri:0, instance:com.TestCases.CheckoutTestCases@1c9b0314]" started-at="2025-07-28T20:33:15 IST" name="tearDown" finished-at="2025-07-28T20:33:16 IST" duration-ms="928" status="PASS">
          <reporter-output>
          </reporter-output>
        </test-method> <!-- tearDown -->
      </class> <!-- com.TestCases.CheckoutTestCases -->
      <class name="com.TestCases.OverviewPageTestCases">
        <test-method is-config="true" signature="setUp()[pri:0, instance:com.TestCases.OverviewPageTestCases@1f9f6368]" started-at="2025-07-28T20:33:01 IST" name="setUp" finished-at="2025-07-28T20:33:04 IST" duration-ms="2493" status="PASS">
          <reporter-output>
          </reporter-output>
        </test-method> <!-- setUp -->
        <test-method is-config="true" signature="setup()[pri:0, instance:com.TestCases.OverviewPageTestCases@1f9f6368]" started-at="2025-07-28T20:33:04 IST" name="setup" finished-at="2025-07-28T20:33:05 IST" duration-ms="1551" status="PASS">
          <reporter-output>
          </reporter-output>
        </test-method> <!-- setup -->
        <test-method signature="finishCheckout()[pri:1, instance:com.TestCases.OverviewPageTestCases@1f9f6368]" started-at="2025-07-28T20:33:05 IST" name="finishCheckout" finished-at="2025-07-28T20:33:05 IST" duration-ms="129" status="PASS">
          <reporter-output>
          </reporter-output>
        </test-method> <!-- finishCheckout -->
        <test-method is-config="true" signature="tearDown()[pri:0, instance:com.TestCases.OverviewPageTestCases@1f9f6368]" started-at="2025-07-28T20:33:05 IST" name="tearDown" finished-at="2025-07-28T20:33:06 IST" duration-ms="310" status="PASS">
          <reporter-output>
          </reporter-output>
        </test-method> <!-- tearDown -->
        <test-method is-config="true" signature="setUp()[pri:0, instance:com.TestCases.OverviewPageTestCases@1f9f6368]" started-at="2025-07-28T20:33:06 IST" name="setUp" finished-at="2025-07-28T20:33:08 IST" duration-ms="2480" status="PASS">
          <reporter-output>
          </reporter-output>
        </test-method> <!-- setUp -->
        <test-method is-config="true" signature="setup()[pri:0, instance:com.TestCases.OverviewPageTestCases@1f9f6368]" started-at="2025-07-28T20:33:08 IST" name="setup" finished-at="2025-07-28T20:33:10 IST" duration-ms="1808" status="PASS">
          <reporter-output>
          </reporter-output>
        </test-method> <!-- setup -->
        <test-method signature="cancelCheckout()[pri:2, instance:com.TestCases.OverviewPageTestCases@1f9f6368]" started-at="2025-07-28T20:33:10 IST" name="cancelCheckout" finished-at="2025-07-28T20:33:10 IST" duration-ms="217" status="PASS">
          <reporter-output>
          </reporter-output>
        </test-method> <!-- cancelCheckout -->
        <test-method is-config="true" signature="tearDown()[pri:0, instance:com.TestCases.OverviewPageTestCases@1f9f6368]" started-at="2025-07-28T20:33:10 IST" name="tearDown" finished-at="2025-07-28T20:33:11 IST" duration-ms="275" status="PASS">
          <reporter-output>
          </reporter-output>
        </test-method> <!-- tearDown -->
      </class> <!-- com.TestCases.OverviewPageTestCases -->
    </test> <!-- Test -->
  </suite> <!-- Suite -->
</testng-results>
