<?xml version="1.0" encoding="UTF-8"?>
<!-- Generated by org.testng.reporters.JUnitXMLReporter -->
<testsuite ignored="0" hostname="DESKTOP-L335FGR" failures="0" tests="2" name="Default test" time="11.709" errors="0" timestamp="2025-08-06T19:16:58 IST">
  <testcase classname="com.TestCases.ConfirmationTestCases" name="validateConfirmationMessage" time="0.155"/>
  <testcase classname="com.TestCases.ConfirmationTestCases" name="validateHomeButton" time="0.159"/>
</testsuite> <!-- Default test -->
