<?xml version="1.0" encoding="UTF-8"?>
<!-- Generated by org.testng.reporters.JUnitXMLReporter -->
<testsuite ignored="0" hostname="DESKTOP-L335FGR" failures="0" tests="3" name="Default test" time="17.199" errors="0" timestamp="2025-07-31T07:46:54 IST">
  <testcase classname="com.TestCases.LoginPageTestCases" name="doLogin" time="0.954"/>
  <testcase classname="com.TestCases.LoginPageTestCases" name="validateLogin" time="0.602"/>
  <testcase classname="com.TestCases.LoginPageTestCases" name="validateLogin" time="0.576"/>
</testsuite> <!-- Default test -->
