<?xml version="1.0" encoding="UTF-8"?>
<!-- Generated by org.testng.reporters.JUnitXMLReporter -->
<testsuite ignored="0" hostname="DESKTOP-L335FGR" failures="0" tests="9" name="Test" time="40.532" errors="0" timestamp="2025-07-28T20:33:16 IST">
  <testcase classname="com.TestCases.InventoryPageTestCases" name="validateProductLinkClickFunctionality" time="0.332"/>
  <testcase classname="com.TestCases.InventoryPageTestCases" name="addToCartFunctionality" time="0.406"/>
  <testcase classname="com.TestCases.InventoryPageTestCases" name="addMultipleProducstoCart" time="0.616"/>
  <testcase classname="com.TestCases.LoginPageTestCases" name="doLogin" time="0.744"/>
  <testcase classname="com.TestCases.LoginPageTestCases" name="validateLogin" time="0.623"/>
  <testcase classname="com.TestCases.LoginPageTestCases" name="validateLogin" time="0.744"/>
  <testcase classname="com.TestCases.OverviewPageTestCases" name="finishCheckout" time="0.129"/>
  <testcase classname="com.TestCases.OverviewPageTestCases" name="cancelCheckout" time="0.217"/>
  <testcase classname="com.TestCases.CheckoutTestCases" name="doCheckout" time="0.935"/>
</testsuite> <!-- Test -->
