<?xml version="1.0" encoding="UTF-8"?>
<!-- Generated by org.testng.reporters.JUnitXMLReporter -->
<testsuite ignored="0" hostname="DESKTOP-L335FGR" failures="0" tests="6" name="Test" time="27.799" errors="0" timestamp="2025-07-27T18:24:51 IST">
  <testcase classname="com.TestCases.InventoryPageTestCases" name="validateProductLinkClickFunctionality" time="0.46"/>
  <testcase classname="com.TestCases.InventoryPageTestCases" name="addToCartFunctionality" time="0.468"/>
  <testcase classname="com.TestCases.InventoryPageTestCases" name="addMultipleProducstoCart" time="0.566"/>
  <testcase classname="com.TestCases.LoginPageTestCases" name="doLogin" time="0.675"/>
  <testcase classname="com.TestCases.LoginPageTestCases" name="validateLogin" time="0.57"/>
  <testcase classname="com.TestCases.LoginPageTestCases" name="validateLogin" time="0.579"/>
</testsuite> <!-- Test -->
